<?xml version="1.0" encoding="utf-8"?><testsuites><testsuite name="pytest" errors="0" failures="0" skipped="0" tests="3" time="9.040" timestamp="2021-09-02T09:59:34.387568" hostname="C02D71FBMD6M"><testcase classname="qa.tests.test_vocab.TestConfig" name="test_should_create_vocab_object" time="0.003" /><testcase classname="qa.tests.test_vocab.TestConfig" name="test_should_return_positive_vocab_size" time="0.002" /><testcase classname="qa.tests.test_vocab.TestConfig" name="test_should_return_special_indices" time="0.002" /></testsuite></testsuites>